<?xml version="1.0" encoding="UTF-8"?>
<testsuite xmlns:xsi="http://www.w3.org/2001/XMLSchema-instance" xsi:schemaLocation="https://maven.apache.org/surefire/maven-surefire-plugin/xsd/surefire-test-report.xsd" name="util.AssertionTest" time="0.409" tests="59" errors="0" skipped="0" failures="0">
  <properties>
    <property name="idea.version" value="2017.2.6"/>
    <property name="java.runtime.name" value="Java(TM) SE Runtime Environment"/>
    <property name="sun.boot.library.path" value="/Library/Java/JavaVirtualMachines/jdk1.8.0_121.jdk/Contents/Home/jre/lib"/>
    <property name="java.vm.version" value="25.121-b13"/>
    <property name="user.country.format" value="DE"/>
    <property name="gopherProxySet" value="false"/>
    <property name="java.vm.vendor" value="Oracle Corporation"/>
    <property name="maven.multiModuleProjectDirectory" value="/Users/andreasestenfelder/Projects/gradelog/GradePlus"/>
    <property name="java.vendor.url" value="http://java.oracle.com/"/>
    <property name="path.separator" value=":"/>
    <property name="guice.disable.misplaced.annotation.check" value="true"/>
    <property name="java.vm.name" value="Java HotSpot(TM) 64-Bit Server VM"/>
    <property name="file.encoding.pkg" value="sun.io"/>
    <property name="user.country" value="US"/>
    <property name="sun.java.launcher" value="SUN_STANDARD"/>
    <property name="sun.os.patch.level" value="unknown"/>
    <property name="java.vm.specification.name" value="Java Virtual Machine Specification"/>
    <property name="user.dir" value="/Users/andreasestenfelder/Projects/gradelog/GradePlus"/>
    <property name="java.runtime.version" value="1.8.0_121-b13"/>
    <property name="java.awt.graphicsenv" value="sun.awt.CGraphicsEnvironment"/>
    <property name="java.endorsed.dirs" value="/Library/Java/JavaVirtualMachines/jdk1.8.0_121.jdk/Contents/Home/jre/lib/endorsed"/>
    <property name="os.arch" value="x86_64"/>
    <property name="java.io.tmpdir" value="/var/folders/qq/pzk1fg1j4cbfw63tnw0kzxpm0000gn/T/"/>
    <property name="line.separator" value="&#10;"/>
    <property name="java.vm.specification.vendor" value="Oracle Corporation"/>
    <property name="os.name" value="Mac OS X"/>
    <property name="classworlds.conf" value="/Applications/IntelliJ IDEA.app/Contents/plugins/maven/lib/maven3/bin/m2.conf"/>
    <property name="sun.jnu.encoding" value="UTF-8"/>
    <property name="java.library.path" value="/Users/andreasestenfelder/Library/Java/Extensions:/Library/Java/Extensions:/Network/Library/Java/Extensions:/System/Library/Java/Extensions:/usr/lib/java:."/>
    <property name="java.specification.name" value="Java Platform API Specification"/>
    <property name="java.class.version" value="52.0"/>
    <property name="sun.management.compiler" value="HotSpot 64-Bit Tiered Compilers"/>
    <property name="os.version" value="10.13.2"/>
    <property name="user.home" value="/Users/andreasestenfelder"/>
    <property name="user.timezone" value="Europe/Berlin"/>
    <property name="java.awt.printerjob" value="sun.lwawt.macosx.CPrinterJob"/>
    <property name="java.specification.version" value="1.8"/>
    <property name="file.encoding" value="UTF-8"/>
    <property name="user.name" value="andreasestenfelder"/>
    <property name="java.class.path" value="/Applications/IntelliJ IDEA.app/Contents/plugins/maven/lib/maven3/boot/plexus-classworlds-2.5.2.jar:/Applications/IntelliJ IDEA.app/Contents/lib/idea_rt.jar"/>
    <property name="java.vm.specification.version" value="1.8"/>
    <property name="sun.arch.data.model" value="64"/>
    <property name="java.home" value="/Library/Java/JavaVirtualMachines/jdk1.8.0_121.jdk/Contents/Home/jre"/>
    <property name="sun.java.command" value="org.codehaus.classworlds.Launcher -Didea.version=2017.2.6 install"/>
    <property name="java.specification.vendor" value="Oracle Corporation"/>
    <property name="user.language" value="en"/>
    <property name="awt.toolkit" value="sun.lwawt.macosx.LWCToolkit"/>
    <property name="java.vm.info" value="mixed mode"/>
    <property name="java.version" value="1.8.0_121"/>
    <property name="java.ext.dirs" value="/Users/andreasestenfelder/Library/Java/Extensions:/Library/Java/JavaVirtualMachines/jdk1.8.0_121.jdk/Contents/Home/jre/lib/ext:/Library/Java/Extensions:/Network/Library/Java/Extensions:/System/Library/Java/Extensions:/usr/lib/java"/>
    <property name="sun.boot.class.path" value="/Library/Java/JavaVirtualMachines/jdk1.8.0_121.jdk/Contents/Home/jre/lib/resources.jar:/Library/Java/JavaVirtualMachines/jdk1.8.0_121.jdk/Contents/Home/jre/lib/rt.jar:/Library/Java/JavaVirtualMachines/jdk1.8.0_121.jdk/Contents/Home/jre/lib/sunrsasign.jar:/Library/Java/JavaVirtualMachines/jdk1.8.0_121.jdk/Contents/Home/jre/lib/jsse.jar:/Library/Java/JavaVirtualMachines/jdk1.8.0_121.jdk/Contents/Home/jre/lib/jce.jar:/Library/Java/JavaVirtualMachines/jdk1.8.0_121.jdk/Contents/Home/jre/lib/charsets.jar:/Library/Java/JavaVirtualMachines/jdk1.8.0_121.jdk/Contents/Home/jre/lib/jfr.jar:/Library/Java/JavaVirtualMachines/jdk1.8.0_121.jdk/Contents/Home/jre/classes"/>
    <property name="java.vendor" value="Oracle Corporation"/>
    <property name="maven.home" value="/Applications/IntelliJ IDEA.app/Contents/plugins/maven/lib/maven3"/>
    <property name="file.separator" value="/"/>
    <property name="java.vendor.url.bug" value="http://bugreport.sun.com/bugreport/"/>
    <property name="sun.cpu.endian" value="little"/>
    <property name="sun.io.unicode.encoding" value="UnicodeBig"/>
    <property name="sun.cpu.isalist" value=""/>
  </properties>
  <testcase name="testNotEmptyNestedArrayNull" classname="util.AssertionTest" time="0.197"/>
  <testcase name="testValidSizePositive" classname="util.AssertionTest" time="0.004"/>
  <testcase name="testNotNullStringArrayContainsNull" classname="util.AssertionTest" time="0.002"/>
  <testcase name="testNotEmptyNestedCollection" classname="util.AssertionTest" time="0.011"/>
  <testcase name="testValidSizeNegative" classname="util.AssertionTest" time="0.002"/>
  <testcase name="testNotEmptyObjectNull" classname="util.AssertionTest" time="0"/>
  <testcase name="testNotNullObject" classname="util.AssertionTest" time="0.001"/>
  <testcase name="testNotNullStringNull" classname="util.AssertionTest" time="0.001"/>
  <testcase name="testNotNullString" classname="util.AssertionTest" time="0.004"/>
  <testcase name="testNotNullNestedArrayContainsNull" classname="util.AssertionTest" time="0.001"/>
  <testcase name="testNotNullNestedCollectionContainsNull" classname="util.AssertionTest" time="0"/>
  <testcase name="testNotNullDeepNestedCollectionContainsNullInDepth" classname="util.AssertionTest" time="0.001"/>
  <testcase name="testNotNullNestedArray" classname="util.AssertionTest" time="0"/>
  <testcase name="testNotNullStringArray" classname="util.AssertionTest" time="0.007"/>
  <testcase name="testNotNullDeepNestedCollectionNull" classname="util.AssertionTest" time="0"/>
  <testcase name="testNotNullStringWhite" classname="util.AssertionTest" time="0"/>
  <testcase name="testNotNullStringCollectionContainsNull" classname="util.AssertionTest" time="0.001"/>
  <testcase name="testNotNullNestedCollectionContainsNullInDepth" classname="util.AssertionTest" time="0"/>
  <testcase name="testNotEmptyNestedArrayContainsEmptyStringInDepth" classname="util.AssertionTest" time="0"/>
  <testcase name="testNotNullDeepNestedCollection" classname="util.AssertionTest" time="0.001"/>
  <testcase name="testNotEmptyDeepNestedCollection" classname="util.AssertionTest" time="0.001"/>
  <testcase name="testNotNullNestedCollectionNull" classname="util.AssertionTest" time="0.001"/>
  <testcase name="testNotEmptyNestedCollectionNull" classname="util.AssertionTest" time="0.001"/>
  <testcase name="testNotNullFixedLengthList" classname="util.AssertionTest" time="0"/>
  <testcase name="testNotNullNestedArrayContainsNullInDepth" classname="util.AssertionTest" time="0.001"/>
  <testcase name="testNotNullDeepNestedCollectionContainsNull" classname="util.AssertionTest" time="0.001"/>
  <testcase name="testNotNullDeepNestedCollectionContainsNullinMidLevel" classname="util.AssertionTest" time="0"/>
  <testcase name="testNotEmptyStringNull" classname="util.AssertionTest" time="0.001"/>
  <testcase name="testNotEmptyDeepNestedCollectionNull" classname="util.AssertionTest" time="0.001"/>
  <testcase name="testNotNullStringCollection" classname="util.AssertionTest" time="0"/>
  <testcase name="testNotNullFixedLengthListContainsNull" classname="util.AssertionTest" time="0.001"/>
  <testcase name="testNotEmptyFixedLengthListContainsNull" classname="util.AssertionTest" time="0"/>
  <testcase name="testNotEmptyFixedLengthList" classname="util.AssertionTest" time="0"/>
  <testcase name="testNotEmptyNestedCollectionContainsNullInDepth" classname="util.AssertionTest" time="0.001"/>
  <testcase name="testNotEmptyNestedCollectionContainsNull" classname="util.AssertionTest" time="0"/>
  <testcase name="testNotEmptyDeepNestedCollectionContainsNullinMidLevel" classname="util.AssertionTest" time="0.001"/>
  <testcase name="testNotEmptyStringCollection" classname="util.AssertionTest" time="0"/>
  <testcase name="testNotNullNestedCollectionContainsEmptyStringInDepth" classname="util.AssertionTest" time="0.001"/>
  <testcase name="testNotEmptyStringCollectionContainsNull" classname="util.AssertionTest" time="0"/>
  <testcase name="testNotNullStringArrayNull" classname="util.AssertionTest" time="0.001"/>
  <testcase name="testNotNullStringCollectionNull" classname="util.AssertionTest" time="0.001"/>
  <testcase name="testNotEmptyStringCollectionNull" classname="util.AssertionTest" time="0"/>
  <testcase name="testNotNullObjectNull" classname="util.AssertionTest" time="0.001"/>
  <testcase name="testNotEmptyNestedCollectionContainsEmptyStringInDepth" classname="util.AssertionTest" time="0.001"/>
  <testcase name="testNotEmptyNestedArrayContainsNullInDepth" classname="util.AssertionTest" time="0"/>
  <testcase name="testNotEmptyObject" classname="util.AssertionTest" time="0"/>
  <testcase name="testNotEmptyNestedArray" classname="util.AssertionTest" time="0"/>
  <testcase name="testNotEmptyString" classname="util.AssertionTest" time="0"/>
  <testcase name="testNotEmptyStringArrayNull" classname="util.AssertionTest" time="0.001"/>
  <testcase name="testNotNullNestedArrayNull" classname="util.AssertionTest" time="0"/>
  <testcase name="testNotEmptyStringArrayContainsNull" classname="util.AssertionTest" time="0"/>
  <testcase name="testNotEmptyStringArray" classname="util.AssertionTest" time="0"/>
  <testcase name="testNotEmptyStringWhite" classname="util.AssertionTest" time="0"/>
  <testcase name="testNotEmptyDeepNestedCollectionContainsNull" classname="util.AssertionTest" time="0.005"/>
  <testcase name="testNotNullNestedCollection" classname="util.AssertionTest" time="0"/>
  <testcase name="testNotNullNestedArrayContainsEmptyStringInDepth" classname="util.AssertionTest" time="0"/>
  <testcase name="testValidSizeZero" classname="util.AssertionTest" time="0.001"/>
  <testcase name="testNotEmptyDeepNestedCollectionContainsNullInDepth" classname="util.AssertionTest" time="0.001"/>
  <testcase name="testNotEmptyNestedArrayContainsNull" classname="util.AssertionTest" time="0"/>
</testsuite>